{"meta": {"format": 3, "version": "7.6.10", "timestamp": "2025-01-06T15:54:34.291012", "branch_coverage": false, "show_contexts": false}, "files": {"/Users/jbristow/git/nodestream-plugin-github/nodestream_github/__init__.py": {"executed_lines": [1, 5, 6, 7, 8, 9, 11], "summary": {"covered_lines": 7, "num_statements": 7, "percent_covered": 100.0, "percent_covered_display": "100", "missing_lines": 0, "excluded_lines": 0}, "missing_lines": [], "excluded_lines": [], "functions": {"": {"executed_lines": [1, 5, 6, 7, 8, 9, 11], "summary": {"covered_lines": 7, "num_statements": 7, "percent_covered": 100.0, "percent_covered_display": "100", "missing_lines": 0, "excluded_lines": 0}, "missing_lines": [], "excluded_lines": []}}, "classes": {"": {"executed_lines": [1, 5, 6, 7, 8, 9, 11], "summary": {"covered_lines": 7, "num_statements": 7, "percent_covered": 100.0, "percent_covered_display": "100", "missing_lines": 0, "excluded_lines": 0}, "missing_lines": [], "excluded_lines": []}}}, "/Users/jbristow/git/nodestream-plugin-github/nodestream_github/interpretations/__init__.py": {"executed_lines": [1, 2, 4], "summary": {"covered_lines": 3, "num_statements": 3, "percent_covered": 100.0, "percent_covered_display": "100", "missing_lines": 0, "excluded_lines": 0}, "missing_lines": [], "excluded_lines": [], "functions": {"": {"executed_lines": [1, 2, 4], "summary": {"covered_lines": 3, "num_statements": 3, "percent_covered": 100.0, "percent_covered_display": "100", "missing_lines": 0, "excluded_lines": 0}, "missing_lines": [], "excluded_lines": []}}, "classes": {"": {"executed_lines": [1, 2, 4], "summary": {"covered_lines": 3, "num_statements": 3, "percent_covered": 100.0, "percent_covered_display": "100", "missing_lines": 0, "excluded_lines": 0}, "missing_lines": [], "excluded_lines": []}}}, "/Users/jbristow/git/nodestream-plugin-github/nodestream_github/interpretations/relationship/__init__.py": {"executed_lines": [0], "summary": {"covered_lines": 0, "num_statements": 0, "percent_covered": 100.0, "percent_covered_display": "100", "missing_lines": 0, "excluded_lines": 0}, "missing_lines": [], "excluded_lines": [], "functions": {"": {"executed_lines": [], "summary": {"covered_lines": 0, "num_statements": 0, "percent_covered": 100.0, "percent_covered_display": "100", "missing_lines": 0, "excluded_lines": 0}, "missing_lines": [], "excluded_lines": []}}, "classes": {"": {"executed_lines": [], "summary": {"covered_lines": 0, "num_statements": 0, "percent_covered": 100.0, "percent_covered_display": "100", "missing_lines": 0, "excluded_lines": 0}, "missing_lines": [], "excluded_lines": []}}}, "/Users/jbristow/git/nodestream-plugin-github/nodestream_github/interpretations/relationship/repository.py": {"executed_lines": [1, 3, 4, 11, 27, 30], "summary": {"covered_lines": 6, "num_statements": 11, "percent_covered": 54.54545454545455, "percent_covered_display": "55", "missing_lines": 5, "excluded_lines": 0}, "missing_lines": [15, 22, 23, 24, 44], "excluded_lines": [], "functions": {"simplify_repo": {"executed_lines": [], "summary": {"covered_lines": 0, "num_statements": 4, "percent_covered": 0.0, "percent_covered_display": "0", "missing_lines": 4, "excluded_lines": 0}, "missing_lines": [15, 22, 23, 24], "excluded_lines": []}, "RepositoryRelationshipInterpretation.__init__": {"executed_lines": [], "summary": {"covered_lines": 0, "num_statements": 1, "percent_covered": 0.0, "percent_covered_display": "0", "missing_lines": 1, "excluded_lines": 0}, "missing_lines": [44], "excluded_lines": []}, "": {"executed_lines": [1, 3, 4, 11, 27, 30], "summary": {"covered_lines": 6, "num_statements": 6, "percent_covered": 100.0, "percent_covered_display": "100", "missing_lines": 0, "excluded_lines": 0}, "missing_lines": [], "excluded_lines": []}}, "classes": {"RepositoryRelationshipInterpretation": {"executed_lines": [], "summary": {"covered_lines": 0, "num_statements": 1, "percent_covered": 0.0, "percent_covered_display": "0", "missing_lines": 1, "excluded_lines": 0}, "missing_lines": [44], "excluded_lines": []}, "": {"executed_lines": [1, 3, 4, 11, 27, 30], "summary": {"covered_lines": 6, "num_statements": 10, "percent_covered": 60.0, "percent_covered_display": "60", "missing_lines": 4, "excluded_lines": 0}, "missing_lines": [15, 22, 23, 24], "excluded_lines": []}}}, "/Users/jbristow/git/nodestream-plugin-github/nodestream_github/interpretations/relationship/user.py": {"executed_lines": [1, 3, 4, 11, 27, 30], "summary": {"covered_lines": 6, "num_statements": 13, "percent_covered": 46.15384615384615, "percent_covered_display": "46", "missing_lines": 7, "excluded_lines": 0}, "missing_lines": [15, 20, 21, 22, 23, 24, 44], "excluded_lines": [], "functions": {"simplify_user": {"executed_lines": [], "summary": {"covered_lines": 0, "num_statements": 6, "percent_covered": 0.0, "percent_covered_display": "0", "missing_lines": 6, "excluded_lines": 0}, "missing_lines": [15, 20, 21, 22, 23, 24], "excluded_lines": []}, "UserRelationshipInterpretation.__init__": {"executed_lines": [], "summary": {"covered_lines": 0, "num_statements": 1, "percent_covered": 0.0, "percent_covered_display": "0", "missing_lines": 1, "excluded_lines": 0}, "missing_lines": [44], "excluded_lines": []}, "": {"executed_lines": [1, 3, 4, 11, 27, 30], "summary": {"covered_lines": 6, "num_statements": 6, "percent_covered": 100.0, "percent_covered_display": "100", "missing_lines": 0, "excluded_lines": 0}, "missing_lines": [], "excluded_lines": []}}, "classes": {"UserRelationshipInterpretation": {"executed_lines": [], "summary": {"covered_lines": 0, "num_statements": 1, "percent_covered": 0.0, "percent_covered_display": "0", "missing_lines": 1, "excluded_lines": 0}, "missing_lines": [44], "excluded_lines": []}, "": {"executed_lines": [1, 3, 4, 11, 27, 30], "summary": {"covered_lines": 6, "num_statements": 12, "percent_covered": 50.0, "percent_covered_display": "50", "missing_lines": 6, "excluded_lines": 0}, "missing_lines": [15, 20, 21, 22, 23, 24], "excluded_lines": []}}}, "/Users/jbristow/git/nodestream-plugin-github/nodestream_github/orgs.py": {"executed_lines": [1, 2, 4, 5, 7, 8, 9, 11, 14, 15, 18, 34, 38], "summary": {"covered_lines": 13, "num_statements": 48, "percent_covered": 27.083333333333332, "percent_covered_display": "27", "missing_lines": 35, "excluded_lines": 0}, "missing_lines": [16, 19, 20, 21, 22, 23, 24, 25, 26, 27, 35, 36, 39, 40, 41, 42, 43, 44, 45, 46, 47, 48, 49, 50, 51, 52, 59, 60, 64, 65, 66, 67, 68, 74, 76], "excluded_lines": [], "functions": {"GithubOrganizationsExtractor.__init__": {"executed_lines": [], "summary": {"covered_lines": 0, "num_statements": 1, "percent_covered": 0.0, "percent_covered_display": "0", "missing_lines": 1, "excluded_lines": 0}, "missing_lines": [16], "excluded_lines": []}, "GithubOrganizationsExtractor.extract_records": {"executed_lines": [], "summary": {"covered_lines": 0, "num_statements": 9, "percent_covered": 0.0, "percent_covered_display": "0", "missing_lines": 9, "excluded_lines": 0}, "missing_lines": [19, 20, 21, 22, 23, 24, 25, 26, 27], "excluded_lines": []}, "GithubOrganizationsExtractor._fetch_members": {"executed_lines": [], "summary": {"covered_lines": 0, "num_statements": 2, "percent_covered": 0.0, "percent_covered_display": "0", "missing_lines": 2, "excluded_lines": 0}, "missing_lines": [35, 36], "excluded_lines": []}, "GithubOrganizationsExtractor._extract_organization": {"executed_lines": [], "summary": {"covered_lines": 0, "num_statements": 23, "percent_covered": 0.0, "percent_covered_display": "0", "missing_lines": 23, "excluded_lines": 0}, "missing_lines": [39, 40, 41, 42, 43, 44, 45, 46, 47, 48, 49, 50, 51, 52, 59, 60, 64, 65, 66, 67, 68, 74, 76], "excluded_lines": []}, "": {"executed_lines": [1, 2, 4, 5, 7, 8, 9, 11, 14, 15, 18, 34, 38], "summary": {"covered_lines": 13, "num_statements": 13, "percent_covered": 100.0, "percent_covered_display": "100", "missing_lines": 0, "excluded_lines": 0}, "missing_lines": [], "excluded_lines": []}}, "classes": {"GithubOrganizationsExtractor": {"executed_lines": [], "summary": {"covered_lines": 0, "num_statements": 35, "percent_covered": 0.0, "percent_covered_display": "0", "missing_lines": 35, "excluded_lines": 0}, "missing_lines": [16, 19, 20, 21, 22, 23, 24, 25, 26, 27, 35, 36, 39, 40, 41, 42, 43, 44, 45, 46, 47, 48, 49, 50, 51, 52, 59, 60, 64, 65, 66, 67, 68, 74, 76], "excluded_lines": []}, "": {"executed_lines": [1, 2, 4, 5, 7, 8, 9, 11, 14, 15, 18, 34, 38], "summary": {"covered_lines": 13, "num_statements": 13, "percent_covered": 100.0, "percent_covered_display": "100", "missing_lines": 0, "excluded_lines": 0}, "missing_lines": [], "excluded_lines": []}}}, "/Users/jbristow/git/nodestream-plugin-github/nodestream_github/plugin.py": {"executed_lines": [1, 4, 5], "summary": {"covered_lines": 3, "num_statements": 4, "percent_covered": 75.0, "percent_covered_display": "75", "missing_lines": 1, "excluded_lines": 0}, "missing_lines": [6], "excluded_lines": [], "functions": {"GithubPlugin.activate": {"executed_lines": [], "summary": {"covered_lines": 0, "num_statements": 1, "percent_covered": 0.0, "percent_covered_display": "0", "missing_lines": 1, "excluded_lines": 0}, "missing_lines": [6], "excluded_lines": []}, "": {"executed_lines": [1, 4, 5], "summary": {"covered_lines": 3, "num_statements": 3, "percent_covered": 100.0, "percent_covered_display": "100", "missing_lines": 0, "excluded_lines": 0}, "missing_lines": [], "excluded_lines": []}}, "classes": {"GithubPlugin": {"executed_lines": [], "summary": {"covered_lines": 0, "num_statements": 1, "percent_covered": 0.0, "percent_covered_display": "0", "missing_lines": 1, "excluded_lines": 0}, "missing_lines": [6], "excluded_lines": []}, "": {"executed_lines": [1, 4, 5], "summary": {"covered_lines": 3, "num_statements": 3, "percent_covered": 100.0, "percent_covered_display": "100", "missing_lines": 0, "excluded_lines": 0}, "missing_lines": [], "excluded_lines": []}}}, "/Users/jbristow/git/nodestream-plugin-github/nodestream_github/repos.py": {"executed_lines": [1, 3, 4, 6, 7, 9, 12, 13, 16, 23], "summary": {"covered_lines": 10, "num_statements": 33, "percent_covered": 30.303030303030305, "percent_covered_display": "30", "missing_lines": 23, "excluded_lines": 0}, "missing_lines": [14, 17, 18, 24, 25, 26, 27, 28, 29, 30, 31, 32, 38, 39, 40, 41, 45, 46, 47, 48, 54, 55, 58], "excluded_lines": [], "functions": {"GithubReposExtractor.__init__": {"executed_lines": [], "summary": {"covered_lines": 0, "num_statements": 1, "percent_covered": 0.0, "percent_covered_display": "0", "missing_lines": 1, "excluded_lines": 0}, "missing_lines": [14], "excluded_lines": []}, "GithubReposExtractor.extract_records": {"executed_lines": [], "summary": {"covered_lines": 0, "num_statements": 2, "percent_covered": 0.0, "percent_covered_display": "0", "missing_lines": 2, "excluded_lines": 0}, "missing_lines": [17, 18], "excluded_lines": []}, "GithubReposExtractor._extract_repo": {"executed_lines": [], "summary": {"covered_lines": 0, "num_statements": 20, "percent_covered": 0.0, "percent_covered_display": "0", "missing_lines": 20, "excluded_lines": 0}, "missing_lines": [24, 25, 26, 27, 28, 29, 30, 31, 32, 38, 39, 40, 41, 45, 46, 47, 48, 54, 55, 58], "excluded_lines": []}, "": {"executed_lines": [1, 3, 4, 6, 7, 9, 12, 13, 16, 23], "summary": {"covered_lines": 10, "num_statements": 10, "percent_covered": 100.0, "percent_covered_display": "100", "missing_lines": 0, "excluded_lines": 0}, "missing_lines": [], "excluded_lines": []}}, "classes": {"GithubReposExtractor": {"executed_lines": [], "summary": {"covered_lines": 0, "num_statements": 23, "percent_covered": 0.0, "percent_covered_display": "0", "missing_lines": 23, "excluded_lines": 0}, "missing_lines": [14, 17, 18, 24, 25, 26, 27, 28, 29, 30, 31, 32, 38, 39, 40, 41, 45, 46, 47, 48, 54, 55, 58], "excluded_lines": []}, "": {"executed_lines": [1, 3, 4, 6, 7, 9, 12, 13, 16, 23], "summary": {"covered_lines": 10, "num_statements": 10, "percent_covered": 100.0, "percent_covered_display": "100", "missing_lines": 0, "excluded_lines": 0}, "missing_lines": [], "excluded_lines": []}}}, "/Users/jbristow/git/nodestream-plugin-github/nodestream_github/teams.py": {"executed_lines": [1, 2, 4, 5, 7, 8, 9, 11, 14, 15, 18, 31, 47], "summary": {"covered_lines": 13, "num_statements": 44, "percent_covered": 29.545454545454547, "percent_covered_display": "30", "missing_lines": 31, "excluded_lines": 0}, "missing_lines": [16, 19, 20, 21, 22, 23, 24, 25, 26, 27, 32, 33, 36, 37, 38, 40, 43, 44, 45, 48, 49, 52, 55, 56, 60, 61, 64, 65, 71, 72, 75], "excluded_lines": [], "functions": {"GithubTeamsExtractor.__init__": {"executed_lines": [], "summary": {"covered_lines": 0, "num_statements": 1, "percent_covered": 0.0, "percent_covered_display": "0", "missing_lines": 1, "excluded_lines": 0}, "missing_lines": [16], "excluded_lines": []}, "GithubTeamsExtractor.extract_records": {"executed_lines": [], "summary": {"covered_lines": 0, "num_statements": 9, "percent_covered": 0.0, "percent_covered_display": "0", "missing_lines": 9, "excluded_lines": 0}, "missing_lines": [19, 20, 21, 22, 23, 24, 25, 26, 27], "excluded_lines": []}, "GithubTeamsExtractor._fetch_members": {"executed_lines": [], "summary": {"covered_lines": 0, "num_statements": 9, "percent_covered": 0.0, "percent_covered_display": "0", "missing_lines": 9, "excluded_lines": 0}, "missing_lines": [32, 33, 36, 37, 38, 40, 43, 44, 45], "excluded_lines": []}, "GithubTeamsExtractor._get_teams": {"executed_lines": [], "summary": {"covered_lines": 0, "num_statements": 12, "percent_covered": 0.0, "percent_covered_display": "0", "missing_lines": 12, "excluded_lines": 0}, "missing_lines": [48, 49, 52, 55, 56, 60, 61, 64, 65, 71, 72, 75], "excluded_lines": []}, "": {"executed_lines": [1, 2, 4, 5, 7, 8, 9, 11, 14, 15, 18, 31, 47], "summary": {"covered_lines": 13, "num_statements": 13, "percent_covered": 100.0, "percent_covered_display": "100", "missing_lines": 0, "excluded_lines": 0}, "missing_lines": [], "excluded_lines": []}}, "classes": {"GithubTeamsExtractor": {"executed_lines": [], "summary": {"covered_lines": 0, "num_statements": 31, "percent_covered": 0.0, "percent_covered_display": "0", "missing_lines": 31, "excluded_lines": 0}, "missing_lines": [16, 19, 20, 21, 22, 23, 24, 25, 26, 27, 32, 33, 36, 37, 38, 40, 43, 44, 45, 48, 49, 52, 55, 56, 60, 61, 64, 65, 71, 72, 75], "excluded_lines": []}, "": {"executed_lines": [1, 2, 4, 5, 7, 8, 9, 11, 14, 15, 18, 31, 47], "summary": {"covered_lines": 13, "num_statements": 13, "percent_covered": 100.0, "percent_covered_display": "100", "missing_lines": 0, "excluded_lines": 0}, "missing_lines": [], "excluded_lines": []}}}, "/Users/jbristow/git/nodestream-plugin-github/nodestream_github/users.py": {"executed_lines": [1, 3, 4, 6, 7, 9, 12, 13, 16], "summary": {"covered_lines": 9, "num_statements": 17, "percent_covered": 52.94117647058823, "percent_covered_display": "53", "missing_lines": 8, "excluded_lines": 0}, "missing_lines": [14, 17, 18, 19, 20, 27, 28, 29], "excluded_lines": [], "functions": {"GithubUserExtractor.__init__": {"executed_lines": [], "summary": {"covered_lines": 0, "num_statements": 1, "percent_covered": 0.0, "percent_covered_display": "0", "missing_lines": 1, "excluded_lines": 0}, "missing_lines": [14], "excluded_lines": []}, "GithubUserExtractor.extract_records": {"executed_lines": [], "summary": {"covered_lines": 0, "num_statements": 7, "percent_covered": 0.0, "percent_covered_display": "0", "missing_lines": 7, "excluded_lines": 0}, "missing_lines": [17, 18, 19, 20, 27, 28, 29], "excluded_lines": []}, "": {"executed_lines": [1, 3, 4, 6, 7, 9, 12, 13, 16], "summary": {"covered_lines": 9, "num_statements": 9, "percent_covered": 100.0, "percent_covered_display": "100", "missing_lines": 0, "excluded_lines": 0}, "missing_lines": [], "excluded_lines": []}}, "classes": {"GithubUserExtractor": {"executed_lines": [], "summary": {"covered_lines": 0, "num_statements": 8, "percent_covered": 0.0, "percent_covered_display": "0", "missing_lines": 8, "excluded_lines": 0}, "missing_lines": [14, 17, 18, 19, 20, 27, 28, 29], "excluded_lines": []}, "": {"executed_lines": [1, 3, 4, 6, 7, 9, 12, 13, 16], "summary": {"covered_lines": 9, "num_statements": 9, "percent_covered": 100.0, "percent_covered_display": "100", "missing_lines": 0, "excluded_lines": 0}, "missing_lines": [], "excluded_lines": []}}}, "/Users/jbristow/git/nodestream-plugin-github/nodestream_github/util/__init__.py": {"executed_lines": [0], "summary": {"covered_lines": 0, "num_statements": 0, "percent_covered": 100.0, "percent_covered_display": "100", "missing_lines": 0, "excluded_lines": 0}, "missing_lines": [], "excluded_lines": [], "functions": {"": {"executed_lines": [], "summary": {"covered_lines": 0, "num_statements": 0, "percent_covered": 100.0, "percent_covered_display": "100", "missing_lines": 0, "excluded_lines": 0}, "missing_lines": [], "excluded_lines": []}}, "classes": {"": {"executed_lines": [], "summary": {"covered_lines": 0, "num_statements": 0, "percent_covered": 100.0, "percent_covered_display": "100", "missing_lines": 0, "excluded_lines": 0}, "missing_lines": [], "excluded_lines": []}}}, "/Users/jbristow/git/nodestream-plugin-github/nodestream_github/util/githubclient.py": {"executed_lines": [1, 6, 7, 8, 9, 11, 12, 13, 14, 15, 25, 26, 27, 29, 32, 33, 36, 37, 38, 41, 42, 43, 44, 45, 48, 49, 50, 51, 53, 54, 60, 61, 64, 65, 67, 68, 69, 70, 72, 76, 77, 84, 86, 87, 88, 89, 90, 91, 94, 98, 99, 101, 104, 105, 107, 108, 109, 110, 111, 113, 114, 115, 116, 119, 123, 153, 154, 155, 156, 157, 159, 169, 174, 179, 184, 189, 194, 199, 206], "summary": {"covered_lines": 78, "num_statements": 133, "percent_covered": 58.64661654135338, "percent_covered_display": "59", "missing_lines": 55, "excluded_lines": 0}, "missing_lines": [46, 52, 62, 66, 73, 74, 92, 106, 112, 117, 120, 121, 146, 147, 149, 150, 151, 160, 161, 162, 164, 165, 167, 170, 171, 172, 175, 176, 177, 180, 181, 182, 185, 186, 187, 190, 191, 192, 195, 196, 197, 200, 201, 202, 203, 207, 208, 209, 213, 214, 215, 216, 217, 223, 228], "excluded_lines": [], "functions": {"RateLimitedException.__init__": {"executed_lines": [38], "summary": {"covered_lines": 1, "num_statements": 1, "percent_covered": 100.0, "percent_covered_display": "100", "missing_lines": 0, "excluded_lines": 0}, "missing_lines": [], "excluded_lines": []}, "GithubRestApiClient.__init__": {"executed_lines": [43, 44, 45, 48, 49, 50, 51, 53, 54, 60, 61, 64, 65, 67, 68, 69, 70], "summary": {"covered_lines": 17, "num_statements": 21, "percent_covered": 80.95238095238095, "percent_covered_display": "81", "missing_lines": 4, "excluded_lines": 0}, "missing_lines": [46, 52, 62, 66], "excluded_lines": []}, "GithubRestApiClient.log_metrics": {"executed_lines": [], "summary": {"covered_lines": 0, "num_statements": 2, "percent_covered": 0.0, "percent_covered_display": "0", "missing_lines": 2, "excluded_lines": 0}, "missing_lines": [73, 74], "excluded_lines": []}, "GithubRestApiClient._get": {"executed_lines": [77, 84], "summary": {"covered_lines": 2, "num_statements": 2, "percent_covered": 100.0, "percent_covered_display": "100", "missing_lines": 0, "excluded_lines": 0}, "missing_lines": [], "excluded_lines": []}, "GithubRestApiClient._get_inside_retry": {"executed_lines": [87, 88, 89, 90, 91, 94, 98, 99], "summary": {"covered_lines": 8, "num_statements": 9, "percent_covered": 88.88888888888889, "percent_covered_display": "89", "missing_lines": 1, "excluded_lines": 0}, "missing_lines": [92], "excluded_lines": []}, "GithubRestApiClient._generate_and_paginate": {"executed_lines": [104, 105, 107, 108, 109, 110, 111, 113, 114, 115, 116], "summary": {"covered_lines": 11, "num_statements": 14, "percent_covered": 78.57142857142857, "percent_covered_display": "79", "missing_lines": 3, "excluded_lines": 0}, "missing_lines": [106, 112, 117], "excluded_lines": []}, "GithubRestApiClient.get_repos_from_page": {"executed_lines": [], "summary": {"covered_lines": 0, "num_statements": 2, "percent_covered": 0.0, "percent_covered_display": "0", "missing_lines": 2, "excluded_lines": 0}, "missing_lines": [120, 121], "excluded_lines": []}, "GithubRestApiClient.get_audit_logs": {"executed_lines": [], "summary": {"covered_lines": 0, "num_statements": 5, "percent_covered": 0.0, "percent_covered_display": "0", "missing_lines": 5, "excluded_lines": 0}, "missing_lines": [146, 147, 149, 150, 151], "excluded_lines": []}, "GithubRestApiClient.get": {"executed_lines": [154, 155, 156, 157], "summary": {"covered_lines": 4, "num_statements": 4, "percent_covered": 100.0, "percent_covered_display": "100", "missing_lines": 0, "excluded_lines": 0}, "missing_lines": [], "excluded_lines": []}, "GithubRestApiClient.get_item": {"executed_lines": [], "summary": {"covered_lines": 0, "num_statements": 6, "percent_covered": 0.0, "percent_covered_display": "0", "missing_lines": 6, "excluded_lines": 0}, "missing_lines": [160, 161, 162, 164, 165, 167], "excluded_lines": []}, "GithubRestApiClient.get_repos": {"executed_lines": [], "summary": {"covered_lines": 0, "num_statements": 3, "percent_covered": 0.0, "percent_covered_display": "0", "missing_lines": 3, "excluded_lines": 0}, "missing_lines": [170, 171, 172], "excluded_lines": []}, "GithubRestApiClient.get_repo_branches": {"executed_lines": [], "summary": {"covered_lines": 0, "num_statements": 3, "percent_covered": 0.0, "percent_covered_display": "0", "missing_lines": 3, "excluded_lines": 0}, "missing_lines": [175, 176, 177], "excluded_lines": []}, "GithubRestApiClient.get_repo_collaborators": {"executed_lines": [], "summary": {"covered_lines": 0, "num_statements": 3, "percent_covered": 0.0, "percent_covered_display": "0", "missing_lines": 3, "excluded_lines": 0}, "missing_lines": [180, 181, 182], "excluded_lines": []}, "GithubRestApiClient.get_repo_releases": {"executed_lines": [], "summary": {"covered_lines": 0, "num_statements": 3, "percent_covered": 0.0, "percent_covered_display": "0", "missing_lines": 3, "excluded_lines": 0}, "missing_lines": [185, 186, 187], "excluded_lines": []}, "GithubRestApiClient.get_repo_tags": {"executed_lines": [], "summary": {"covered_lines": 0, "num_statements": 3, "percent_covered": 0.0, "percent_covered_display": "0", "missing_lines": 3, "excluded_lines": 0}, "missing_lines": [190, 191, 192], "excluded_lines": []}, "GithubRestApiClient.get_user": {"executed_lines": [], "summary": {"covered_lines": 0, "num_statements": 3, "percent_covered": 0.0, "percent_covered_display": "0", "missing_lines": 3, "excluded_lines": 0}, "missing_lines": [195, 196, 197], "excluded_lines": []}, "GithubRestApiClient.get_users": {"executed_lines": [], "summary": {"covered_lines": 0, "num_statements": 4, "percent_covered": 0.0, "percent_covered_display": "0", "missing_lines": 4, "excluded_lines": 0}, "missing_lines": [200, 201, 202, 203], "excluded_lines": []}, "GithubRestApiClient.get_repo_branch_protection": {"executed_lines": [], "summary": {"covered_lines": 0, "num_statements": 10, "percent_covered": 0.0, "percent_covered_display": "0", "missing_lines": 10, "excluded_lines": 0}, "missing_lines": [207, 208, 209, 213, 214, 215, 216, 217, 223, 228], "excluded_lines": []}, "": {"executed_lines": [1, 6, 7, 8, 9, 11, 12, 13, 14, 15, 25, 26, 27, 29, 32, 33, 36, 37, 41, 42, 72, 76, 86, 101, 119, 123, 153, 159, 169, 174, 179, 184, 189, 194, 199, 206], "summary": {"covered_lines": 35, "num_statements": 35, "percent_covered": 100.0, "percent_covered_display": "100", "missing_lines": 0, "excluded_lines": 0}, "missing_lines": [], "excluded_lines": []}}, "classes": {"AllowedAuditActionsPhrases": {"executed_lines": [], "summary": {"covered_lines": 0, "num_statements": 0, "percent_covered": 100.0, "percent_covered_display": "100", "missing_lines": 0, "excluded_lines": 0}, "missing_lines": [], "excluded_lines": []}, "RateLimitedException": {"executed_lines": [38], "summary": {"covered_lines": 1, "num_statements": 1, "percent_covered": 100.0, "percent_covered_display": "100", "missing_lines": 0, "excluded_lines": 0}, "missing_lines": [], "excluded_lines": []}, "GithubRestApiClient": {"executed_lines": [43, 44, 45, 48, 49, 50, 51, 53, 54, 60, 61, 64, 65, 67, 68, 69, 70, 77, 84, 87, 88, 89, 90, 91, 94, 98, 99, 104, 105, 107, 108, 109, 110, 111, 113, 114, 115, 116, 154, 155, 156, 157], "summary": {"covered_lines": 42, "num_statements": 97, "percent_covered": 43.29896907216495, "percent_covered_display": "43", "missing_lines": 55, "excluded_lines": 0}, "missing_lines": [46, 52, 62, 66, 73, 74, 92, 106, 112, 117, 120, 121, 146, 147, 149, 150, 151, 160, 161, 162, 164, 165, 167, 170, 171, 172, 175, 176, 177, 180, 181, 182, 185, 186, 187, 190, 191, 192, 195, 196, 197, 200, 201, 202, 203, 207, 208, 209, 213, 214, 215, 216, 217, 223, 228], "excluded_lines": []}, "": {"executed_lines": [1, 6, 7, 8, 9, 11, 12, 13, 14, 15, 25, 26, 27, 29, 32, 33, 36, 37, 41, 42, 72, 76, 86, 101, 119, 123, 153, 159, 169, 174, 179, 184, 189, 194, 199, 206], "summary": {"covered_lines": 35, "num_statements": 35, "percent_covered": 100.0, "percent_covered_display": "100", "missing_lines": 0, "excluded_lines": 0}, "missing_lines": [], "excluded_lines": []}}}}, "totals": {"covered_lines": 148, "num_statements": 313, "percent_covered": 47.284345047923324, "percent_covered_display": "47", "missing_lines": 165, "excluded_lines": 0}}